 
****************************************
Report : timing
        -path full
        -delay max
        -max_paths 1
Design : router_top
Version: V-2023.12-SP3
Date   : Sun Mar 22 02:51:47 2026
****************************************

Operating Conditions: nom_pvt   Library: lsi_10k
Wire Load Model Mode: top

  Startpoint: output_block0/fifo2/count_reg[1]
              (rising edge-triggered flip-flop clocked by clk)
  Endpoint: output_block0/fifo0/mem_reg[11][0]
            (rising edge-triggered flip-flop clocked by clk)
  Path Group: clk
  Path Type: max

  Point                                                   Incr       Path
  --------------------------------------------------------------------------
  clock clk (rise edge)                                   0.00       0.00
  clock network delay (ideal)                             0.00       0.00
  output_block0/fifo2/count_reg[1]/CP (FD2P)              0.00       0.00 r
  output_block0/fifo2/count_reg[1]/Q (FD2P)               1.44       1.44 f
  output_block0/fifo2/U304/Z (IVAP)                       0.36       1.80 r
  output_block0/fifo2/U8/Z (ND3)                          0.60       2.40 f
  output_block0/fifo2/U50/Z (NR2P)                        0.82       3.22 r
  output_block0/fifo2/full (fifo_sync_WIDTH8_DEPTH16_ADDR_W4_2)
                                                          0.00       3.22 r
  output_block0/full[2] (output_block_WIDTH8_DEPTH16_ADDR_W4)
                                                          0.00       3.22 r
  U8/Z (MUX21LP)                                          0.43       3.65 f
  U6/Z (MUX21L)                                           0.49       4.14 r
  router_fsm0/fifo_full (router_fsm)                      0.00       4.14 r
  router_fsm0/U21/Z1 (B3I)                                0.23       4.37 f
  router_fsm0/U79/Z (ND2P)                                0.69       5.05 r
  router_fsm0/U78/Z (B5I)                                 0.24       5.29 f
  router_fsm0/wr_en_global (router_fsm)                   0.00       5.29 f
  dest_decode0/wr_en_global (dest_decode)                 0.00       5.29 f
  dest_decode0/U8/Z (AN2)                                 0.87       6.16 f
  dest_decode0/wr_en_fifo[0] (dest_decode)                0.00       6.16 f
  output_block0/wr_en_fifo[0] (output_block_WIDTH8_DEPTH16_ADDR_W4)
                                                          0.00       6.16 f
  output_block0/fifo0/wr_en (fifo_sync_WIDTH8_DEPTH16_ADDR_W4_0)
                                                          0.00       6.16 f
  output_block0/fifo0/U97/Z (ND2P)                        0.69       6.85 r
  output_block0/fifo0/U122/Y (IVDAP)                      0.30       7.15 f
  output_block0/fifo0/U103/Z (ND2)                        0.78       7.92 r
  output_block0/fifo0/U113/Z (ND2)                        0.30       8.22 f
  output_block0/fifo0/U104/Z (AN2)                        0.82       9.05 f
  output_block0/fifo0/U112/Z (AN2)                        0.87       9.92 f
  output_block0/fifo0/U319/Z (AN2P)                       0.98      10.90 f
  output_block0/fifo0/mem_reg[11][0]/LD (FDS2L)           0.00      10.90 f
  data arrival time                                                 10.90

  clock clk (rise edge)                                  12.50      12.50
  clock network delay (ideal)                             0.00      12.50
  output_block0/fifo0/mem_reg[11][0]/CP (FDS2L)           0.00      12.50 r
  library setup time                                     -1.60      10.90
  data required time                                                10.90
  --------------------------------------------------------------------------
  data required time                                                10.90
  data arrival time                                                -10.90
  --------------------------------------------------------------------------
  slack (MET)                                                        0.00


1
